<?xml version="1.0" encoding="UTF-8"?>
<!-- Generated by org.testng.reporters.JUnitReportReporter -->
<testsuite hostname="LAPTOP-8UAK4O0H" failures="0" tests="1" name="testFile.testFileTest" time="90.244" errors="0" timestamp="2022-05-03T10:45:51 EDT" skipped="0">
  <testcase classname="testFile.testFileTest" name="f" time="90.244"/>
  <system-out/>
</testsuite> <!-- testFile.testFileTest -->
